  MyFluid.cpp
D:\Fluid Simulation\MyFluid\Water.h(30,18): warning C4305: “初始化”: 从“double”到“float”截断
D:\Fluid Simulation\MyFluid\Water.h(31,16): warning C4305: “初始化”: 从“double”到“float”截断
D:\Fluid Simulation\MyFluid\Water.h(33,11): warning C4305: “初始化”: 从“double”到“float”截断
D:\Fluid Simulation\MyFluid\Water.h(34,10): warning C4305: “初始化”: 从“double”到“float”截断
D:\Fluid Simulation\MyFluid\Water.h(35,13): warning C4305: “初始化”: 从“double”到“float”截断
D:\Fluid Simulation\MyFluid\Water.h(37,25): warning C4244: “初始化”: 从“double”转换到“float”，可能丢失数据
D:\Fluid Simulation\MyFluid\Water.h(38,21): warning C4244: “初始化”: 从“double”转换到“float”，可能丢失数据
D:\Fluid Simulation\MyFluid\Water.h(39,34): warning C4244: “初始化”: 从“double”转换到“float”，可能丢失数据
D:\Fluid Simulation\MyFluid\Water.h(40,52): warning C4244: “初始化”: 从“double”转换到“float”，可能丢失数据
D:\Fluid Simulation\MyFluid\Water.h(67,18): warning C4244: “初始化”: 从“float”转换到“int”，可能丢失数据
D:\Fluid Simulation\MyFluid\Water.h(119,18): warning C4244: “=”: 从“double”转换到“float”，可能丢失数据
D:\Fluid Simulation\MyFluid\Water.h(144,18): warning C4244: “=”: 从“double”转换到“float”，可能丢失数据
D:\Fluid Simulation\MyFluid\Water.h(163,25): warning C4244: “初始化”: 从“double”转换到“float”，可能丢失数据
D:\Fluid Simulation\MyFluid\Water.h(164,25): warning C4244: “初始化”: 从“double”转换到“float”，可能丢失数据
D:\Fluid Simulation\MyFluid\Water.h(194,25): warning C4244: “=”: 从“double”转换到“float”，可能丢失数据
D:\Fluid Simulation\MyFluid\Water.h(212,17): warning C4244: “初始化”: 从“double”转换到“float”，可能丢失数据
D:\Fluid Simulation\MyFluid\Water.h(214,25): warning C4244: “初始化”: 从“double”转换到“float”，可能丢失数据
D:\Fluid Simulation\MyFluid\Water.h(215,25): warning C4244: “初始化”: 从“double”转换到“float”，可能丢失数据
D:\Fluid Simulation\MyFluid\Water.h(245,15): warning C4244: “初始化”: 从“double”转换到“float”，可能丢失数据
D:\Fluid Simulation\MyFluid\Water.h(264,29): warning C4244: “初始化”: 从“double”转换到“float”，可能丢失数据
D:\Fluid Simulation\MyFluid\Water.h(268,25): warning C4244: “初始化”: 从“double”转换到“float”，可能丢失数据
D:\Fluid Simulation\MyFluid\Water.h(269,25): warning C4244: “初始化”: 从“double”转换到“float”，可能丢失数据
D:\Fluid Simulation\MyFluid\Water.h(298,25): warning C4244: “=”: 从“double”转换到“float”，可能丢失数据
D:\Fluid Simulation\MyFluid\Water.h(299,15): warning C4244: “初始化”: 从“double”转换到“float”，可能丢失数据
D:\Fluid Simulation\MyFluid\Water.h(302,25): warning C4244: “初始化”: 从“double”转换到“float”，可能丢失数据
D:\Fluid Simulation\MyFluid\Water.h(303,25): warning C4244: “初始化”: 从“double”转换到“float”，可能丢失数据
D:\Fluid Simulation\MyFluid\Water.h(336,25): warning C4244: “=”: 从“double”转换到“float”，可能丢失数据
D:\Fluid Simulation\MyFluid\Water.h(337,15): warning C4244: “初始化”: 从“double”转换到“float”，可能丢失数据
D:\Fluid Simulation\MyFluid\Water.h(339,34): warning C4244: “=”: 从“double”转换到“float”，可能丢失数据
D:\Fluid Simulation\MyFluid\Water.h(341,25): warning C4244: “初始化”: 从“double”转换到“float”，可能丢失数据
D:\Fluid Simulation\MyFluid\Water.h(342,25): warning C4244: “初始化”: 从“double”转换到“float”，可能丢失数据
D:\Fluid Simulation\MyFluid\Water.h(350,18): warning C4244: “初始化”: 从“double”转换到“float”，可能丢失数据
D:\Fluid Simulation\MyFluid\MyFluid.cpp(131,41): warning C4305: “参数”: 从“double”到“float”截断
D:\Fluid Simulation\MyFluid\MyFluid.cpp(136,43): warning C4305: “参数”: 从“double”到“float”截断
D:\Fluid Simulation\MyFluid\MyFluid.cpp(138,32): warning C4244: “=”: 从“double”转换到“float”，可能丢失数据
D:\Fluid Simulation\MyFluid\MyFluid.cpp(143,32): warning C4244: “=”: 从“double”转换到“float”，可能丢失数据
D:\Fluid Simulation\MyFluid\MyFluid.cpp(148,41): warning C4305: “参数”: 从“double”到“float”截断
D:\Fluid Simulation\MyFluid\MyFluid.cpp(153,43): warning C4305: “参数”: 从“double”到“float”截断
D:\Fluid Simulation\MyFluid\MyFluid.cpp(155,32): warning C4244: “=”: 从“double”转换到“float”，可能丢失数据
D:\Fluid Simulation\MyFluid\MyFluid.cpp(160,32): warning C4244: “=”: 从“double”转换到“float”，可能丢失数据
D:\Fluid Simulation\MyFluid\MyFluid.cpp(165,41): warning C4305: “参数”: 从“double”到“float”截断
D:\Fluid Simulation\MyFluid\MyFluid.cpp(170,43): warning C4305: “参数”: 从“double”到“float”截断
D:\Fluid Simulation\MyFluid\MyFluid.cpp(172,32): warning C4244: “=”: 从“double”转换到“float”，可能丢失数据
D:\Fluid Simulation\MyFluid\MyFluid.cpp(177,32): warning C4244: “=”: 从“double”转换到“float”，可能丢失数据
D:\Fluid Simulation\MyFluid\MyFluid.cpp(184,34): warning C4244: “=”: 从“double”转换到“float”，可能丢失数据
D:\Fluid Simulation\MyFluid\MyFluid.cpp(187,41): warning C4305: “参数”: 从“double”到“float”截断
D:\Fluid Simulation\MyFluid\MyFluid.cpp(194,32): warning C4244: “=”: 从“double”转换到“float”，可能丢失数据
D:\Fluid Simulation\MyFluid\MyFluid.cpp(197,43): warning C4305: “参数”: 从“double”到“float”截断
D:\Fluid Simulation\MyFluid\MyFluid.cpp(199,32): warning C4244: “=”: 从“double”转换到“float”，可能丢失数据
D:\Fluid Simulation\MyFluid\MyFluid.cpp(206,34): warning C4244: “=”: 从“double”转换到“float”，可能丢失数据
D:\Fluid Simulation\MyFluid\MyFluid.cpp(209,41): warning C4305: “参数”: 从“double”到“float”截断
D:\Fluid Simulation\MyFluid\MyFluid.cpp(216,32): warning C4244: “=”: 从“double”转换到“float”，可能丢失数据
D:\Fluid Simulation\MyFluid\MyFluid.cpp(219,43): warning C4305: “参数”: 从“double”到“float”截断
D:\Fluid Simulation\MyFluid\MyFluid.cpp(221,32): warning C4244: “=”: 从“double”转换到“float”，可能丢失数据
D:\Fluid Simulation\MyFluid\MyFluid.cpp(230,29): warning C4244: “=”: 从“double”转换到“float”，可能丢失数据
D:\Fluid Simulation\MyFluid\MyFluid.cpp(250,58): warning C4267: “参数”: 从“size_t”转换到“GLsizei”，可能丢失数据
  Water.cpp
D:\Fluid Simulation\MyFluid\Water.h(30,18): warning C4305: “初始化”: 从“double”到“float”截断
D:\Fluid Simulation\MyFluid\Water.h(31,16): warning C4305: “初始化”: 从“double”到“float”截断
D:\Fluid Simulation\MyFluid\Water.h(33,11): warning C4305: “初始化”: 从“double”到“float”截断
D:\Fluid Simulation\MyFluid\Water.h(34,10): warning C4305: “初始化”: 从“double”到“float”截断
D:\Fluid Simulation\MyFluid\Water.h(35,13): warning C4305: “初始化”: 从“double”到“float”截断
D:\Fluid Simulation\MyFluid\Water.h(37,25): warning C4244: “初始化”: 从“double”转换到“float”，可能丢失数据
D:\Fluid Simulation\MyFluid\Water.h(38,21): warning C4244: “初始化”: 从“double”转换到“float”，可能丢失数据
D:\Fluid Simulation\MyFluid\Water.h(39,34): warning C4244: “初始化”: 从“double”转换到“float”，可能丢失数据
D:\Fluid Simulation\MyFluid\Water.h(40,52): warning C4244: “初始化”: 从“double”转换到“float”，可能丢失数据
D:\Fluid Simulation\MyFluid\Water.h(67,18): warning C4244: “初始化”: 从“float”转换到“int”，可能丢失数据
D:\Fluid Simulation\MyFluid\Water.h(119,18): warning C4244: “=”: 从“double”转换到“float”，可能丢失数据
D:\Fluid Simulation\MyFluid\Water.h(144,18): warning C4244: “=”: 从“double”转换到“float”，可能丢失数据
D:\Fluid Simulation\MyFluid\Water.h(163,25): warning C4244: “初始化”: 从“double”转换到“float”，可能丢失数据
D:\Fluid Simulation\MyFluid\Water.h(164,25): warning C4244: “初始化”: 从“double”转换到“float”，可能丢失数据
D:\Fluid Simulation\MyFluid\Water.h(194,25): warning C4244: “=”: 从“double”转换到“float”，可能丢失数据
D:\Fluid Simulation\MyFluid\Water.h(212,17): warning C4244: “初始化”: 从“double”转换到“float”，可能丢失数据
D:\Fluid Simulation\MyFluid\Water.h(214,25): warning C4244: “初始化”: 从“double”转换到“float”，可能丢失数据
D:\Fluid Simulation\MyFluid\Water.h(215,25): warning C4244: “初始化”: 从“double”转换到“float”，可能丢失数据
D:\Fluid Simulation\MyFluid\Water.h(245,15): warning C4244: “初始化”: 从“double”转换到“float”，可能丢失数据
D:\Fluid Simulation\MyFluid\Water.h(264,29): warning C4244: “初始化”: 从“double”转换到“float”，可能丢失数据
D:\Fluid Simulation\MyFluid\Water.h(268,25): warning C4244: “初始化”: 从“double”转换到“float”，可能丢失数据
D:\Fluid Simulation\MyFluid\Water.h(269,25): warning C4244: “初始化”: 从“double”转换到“float”，可能丢失数据
D:\Fluid Simulation\MyFluid\Water.h(298,25): warning C4244: “=”: 从“double”转换到“float”，可能丢失数据
D:\Fluid Simulation\MyFluid\Water.h(299,15): warning C4244: “初始化”: 从“double”转换到“float”，可能丢失数据
D:\Fluid Simulation\MyFluid\Water.h(302,25): warning C4244: “初始化”: 从“double”转换到“float”，可能丢失数据
D:\Fluid Simulation\MyFluid\Water.h(303,25): warning C4244: “初始化”: 从“double”转换到“float”，可能丢失数据
D:\Fluid Simulation\MyFluid\Water.h(336,25): warning C4244: “=”: 从“double”转换到“float”，可能丢失数据
D:\Fluid Simulation\MyFluid\Water.h(337,15): warning C4244: “初始化”: 从“double”转换到“float”，可能丢失数据
D:\Fluid Simulation\MyFluid\Water.h(339,34): warning C4244: “=”: 从“double”转换到“float”，可能丢失数据
D:\Fluid Simulation\MyFluid\Water.h(341,25): warning C4244: “初始化”: 从“double”转换到“float”，可能丢失数据
D:\Fluid Simulation\MyFluid\Water.h(342,25): warning C4244: “初始化”: 从“double”转换到“float”，可能丢失数据
D:\Fluid Simulation\MyFluid\Water.h(350,18): warning C4244: “初始化”: 从“double”转换到“float”，可能丢失数据
  正在生成代码...
  MyFluid.vcxproj -> D:\Fluid Simulation\MyFluid\x64\Debug\MyFluid.exe
